<?xml version="1.0" encoding="UTF-8"?>
<testsuite name="LearnTestNG"
           tests="4"
           failures="0"
           errors="0"
           skipped="0"
           time="0.216">
    <properties></properties>



            <testcase
                name="testLoginData"
                time="0.054"
                classname="com.thetestingacademy.testng.dataprovider.DataProviderDemo">
            </testcase>
            <testcase
                name="testLoginData"
                time="0.054"
                classname="com.thetestingacademy.testng.dataprovider.DataProviderDemo">
            </testcase>
            <testcase
                name="testLoginData"
                time="0.054"
                classname="com.thetestingacademy.testng.dataprovider.DataProviderDemo">
            </testcase>
            <testcase
                name="testLoginData"
                time="0.054"
                classname="com.thetestingacademy.testng.dataprovider.DataProviderDemo">
            </testcase>
</testsuite>
