<?xml version="1.0" encoding="UTF-8"?>
<testsuite name="LearnTestNG3"
           tests="2"
           failures="0"
           errors="0"
           skipped="0"
           time="0.080">
    <properties></properties>



            <testcase
                name="testMethodsOne"
                time="0.078"
                classname="com.thetestingacademy._practice.july23.TD.MC01">
            </testcase>
            <testcase
                name="testMethodsTwo"
                time="0.002"
                classname="com.thetestingacademy._practice.july23.TD.MC01">
            </testcase>
</testsuite>
