<?xml version="1.0" encoding="UTF-8"?>
<testsuite name="LearnTestNG"
           tests="2"
           failures="0"
           errors="0"
           skipped="0"
           time="0.053">
    <properties></properties>



            <testcase
                name="afterServerStart"
                time="0.002"
                classname="com.thetestingacademy._practice.july23.Test01">
            </testcase>
            <testcase
                name="serverStartedOk"
                time="0.051"
                classname="com.thetestingacademy._practice.july23.Test01">
            </testcase>
</testsuite>
