<?xml version="1.0" encoding="UTF-8"?>
<testsuite name="LearnTestNG"
           tests="2"
           failures="0"
           errors="0"
           skipped="0"
           time="0.129">
    <properties></properties>



            <testcase
                name="serverStartedOk"
                time="0.125"
                classname="com.thetestingacademy.testng.dependsOn.TestDependsOnDemo">
            </testcase>
            <testcase
                name="method1"
                time="0.004"
                classname="com.thetestingacademy.testng.dependsOn.TestDependsOnDemo">
            </testcase>
</testsuite>
